<?xml version="1.0" encoding="UTF-8"?>
<!-- Generated by org.testng.reporters.JUnitXMLReporter -->
<testsuite hostname="LAPTOP-Q8UQAUDS" ignored="0" name="Test 1" tests="1" failures="1" timestamp="2022-07-13T19:14:49 IST" time="10.764" errors="0">
  <testcase name="Test" time="1.553" classname="test.VerifyProfileName12">
    <failure type="java.lang.AssertionError" message="null">
      <![CDATA[java.lang.AssertionError: null
at test.VerifyProfileName12.Test(VerifyProfileName12.java:79)
at java.util.ArrayList.forEach(Unknown Source)
... Removed 29 stack frames]]>
    </failure>
  </testcase> <!-- Test -->
</testsuite> <!-- Test 1 -->
